<?xml version="1.0" encoding="UTF-8"?>
<!-- Generated by org.testng.reporters.JUnitXMLReporter -->
<testsuite ignored="0" hostname="Active30" failures="0" tests="4" name="Default test" time="14.171" errors="0" timestamp="2023-04-25T17:27:14 IST">
  <testcase classname="datadrivenTesting.Datadriventesting" name="testcase1" time="6.988"/>
  <testcase classname="datadrivenTesting.Datadriventesting" name="testcase1" time="1.678"/>
  <testcase classname="datadrivenTesting.Datadriventesting" name="testcase1" time="1.758"/>
  <testcase classname="datadrivenTesting.Datadriventesting" name="testcase1" time="1.61"/>
</testsuite> <!-- Default test -->
