<?xml version="1.0" encoding="UTF-8"?>
<!-- Generated by org.testng.reporters.JUnitXMLReporter -->
<testsuite ignored="22" hostname="Active30" failures="0" tests="7" name="my test" time="36.649" errors="0" timestamp="2023-03-24T15:25:15 IST">
  <testcase classname="com.AutomationTesting.Amazon" name="Testcase1" time="2.716"/>
  <testcase classname="com.AutomationTesting.Amazon" name="Testcase3" time="0.391"/>
  <testcase classname="com.AutomationTesting.Amazon" name="Testcase4" time="12.949"/>
  <testcase classname="com.facebook.Facebook" name="test" time="1.415"/>
  <testcase classname="com.facebook.Facebook" name="logintest" time="6.271"/>
  <testcase classname="com.TestNG.SwagLabs" name="Testcase1" time="0.542"/>
  <testcase classname="com.TestNG.SwagLabs" name="Testcase2" time="4.368"/>
  <testcase classname="com.AutomationTesting.Amazon" name="Testcase15" time="0.0">
    <ignored/>
  </testcase> <!-- Testcase15 -->
  <testcase classname="com.facebook.Facebook" name="signuptest" time="0.0">
    <ignored/>
  </testcase> <!-- signuptest -->
  <testcase classname="com.TestNG.SwagLabs" name="Testcase3" time="0.0">
    <ignored/>
  </testcase> <!-- Testcase3 -->
  <testcase classname="com.TestNG.SwagLabs" name="Testcase5" time="0.0">
    <ignored/>
  </testcase> <!-- Testcase5 -->
  <testcase classname="com.TestNG.SwagLabs" name="Testcase4" time="0.0">
    <ignored/>
  </testcase> <!-- Testcase4 -->
  <testcase classname="com.TestNG.SwagLabs" name="Testcase6" time="0.0">
    <ignored/>
  </testcase> <!-- Testcase6 -->
  <testcase classname="com.AutomationTesting.Amazon" name="Testcase7" time="0.0">
    <ignored/>
  </testcase> <!-- Testcase7 -->
  <testcase classname="com.AutomationTesting.Amazon" name="Testcase9" time="0.0">
    <ignored/>
  </testcase> <!-- Testcase9 -->
  <testcase classname="com.AutomationTesting.Amazon" name="Testcase6" time="0.0">
    <ignored/>
  </testcase> <!-- Testcase6 -->
  <testcase classname="com.AutomationTesting.Amazon" name="Testcase5" time="0.0">
    <ignored/>
  </testcase> <!-- Testcase5 -->
  <testcase classname="com.facebook.Facebook" name="signouttest" time="0.0">
    <ignored/>
  </testcase> <!-- signouttest -->
  <testcase classname="com.AutomationTesting.Amazon" name="Testcase2" time="0.0">
    <ignored/>
  </testcase> <!-- Testcase2 -->
  <testcase classname="com.AutomationTesting.Amazon" name="Testcase18" time="0.0">
    <ignored/>
  </testcase> <!-- Testcase18 -->
  <testcase classname="com.AutomationTesting.Amazon" name="Testcase17" time="0.0">
    <ignored/>
  </testcase> <!-- Testcase17 -->
  <testcase classname="com.AutomationTesting.Amazon" name="Testcase" time="0.0">
    <ignored/>
  </testcase> <!-- Testcase -->
  <testcase classname="com.AutomationTesting.Amazon" name="Testcase8" time="0.0">
    <ignored/>
  </testcase> <!-- Testcase8 -->
  <testcase classname="com.AutomationTesting.Amazon" name="Testcase10" time="0.0">
    <ignored/>
  </testcase> <!-- Testcase10 -->
  <testcase classname="com.AutomationTesting.Amazon" name="Testcase12" time="0.0">
    <ignored/>
  </testcase> <!-- Testcase12 -->
  <testcase classname="com.AutomationTesting.Amazon" name="Testcase11" time="0.0">
    <ignored/>
  </testcase> <!-- Testcase11 -->
  <testcase classname="com.AutomationTesting.Amazon" name="Testcase14" time="0.0">
    <ignored/>
  </testcase> <!-- Testcase14 -->
  <testcase classname="com.AutomationTesting.Amazon" name="Testcase13" time="0.0">
    <ignored/>
  </testcase> <!-- Testcase13 -->
  <testcase classname="com.AutomationTesting.Amazon" name="Testcase16" time="0.0">
    <ignored/>
  </testcase> <!-- Testcase16 -->
</testsuite> <!-- my test -->
