<?xml version="1.0" encoding="UTF-8"?>
<testng-results ignored="0" total="4" passed="2" failed="2" skipped="0">
  <reporter-output>
  </reporter-output>
  <suite started-at="2023-03-28T16:48:21 IST" name="Default suite" finished-at="2023-03-28T16:49:29 IST" duration-ms="68637">
    <groups>
    </groups>
    <test started-at="2023-03-28T16:48:21 IST" name="Default test" finished-at="2023-03-28T16:49:29 IST" duration-ms="68637">
      <class name="com.loginPageforBothPositiveAndNegative_scenarios.Login_page_for_both_positive_and_negative">
        <test-method is-config="true" signature="setuptest()[pri:0, instance:com.loginPageforBothPositiveAndNegative_scenarios.Login_page_for_both_positive_and_negative@56cdfb3b]" started-at="2023-03-28T16:48:21 IST" name="setuptest" finished-at="2023-03-28T16:48:26 IST" duration-ms="4956" status="PASS">
          <reporter-output>
          </reporter-output>
        </test-method> <!-- setuptest -->
        <test-method signature="Testcase1(java.lang.String,java.lang.String)[pri:1, instance:com.loginPageforBothPositiveAndNegative_scenarios.Login_page_for_both_positive_and_negative@56cdfb3b]" started-at="2023-03-28T16:48:26 IST" name="Testcase1" description="verify the sign" data-provider="passdataPositiveAndNegative" finished-at="2023-03-28T16:48:38 IST" duration-ms="12105" status="PASS">
          <params>
            <param index="0">
              <value>
                <![CDATA[anilk111umar@gmail.com]]>
              </value>
            </param>
            <param index="1">
              <value>
                <![CDATA[Anilkumar327@#]]>
              </value>
            </param>
          </params>
          <reporter-output>
          </reporter-output>
        </test-method> <!-- Testcase1 -->
        <test-method is-config="true" signature="closeapp()[pri:0, instance:com.loginPageforBothPositiveAndNegative_scenarios.Login_page_for_both_positive_and_negative@56cdfb3b]" started-at="2023-03-28T16:48:38 IST" name="closeapp" finished-at="2023-03-28T16:48:38 IST" duration-ms="127" status="PASS">
          <reporter-output>
          </reporter-output>
        </test-method> <!-- closeapp -->
        <test-method is-config="true" signature="setuptest()[pri:0, instance:com.loginPageforBothPositiveAndNegative_scenarios.Login_page_for_both_positive_and_negative@56cdfb3b]" started-at="2023-03-28T16:48:38 IST" name="setuptest" finished-at="2023-03-28T16:48:41 IST" duration-ms="3205" status="PASS">
          <reporter-output>
          </reporter-output>
        </test-method> <!-- setuptest -->
        <test-method signature="Testcase1(java.lang.String,java.lang.String)[pri:1, instance:com.loginPageforBothPositiveAndNegative_scenarios.Login_page_for_both_positive_and_negative@56cdfb3b]" started-at="2023-03-28T16:48:41 IST" name="Testcase1" description="verify the sign" data-provider="passdataPositiveAndNegative" finished-at="2023-03-28T16:49:00 IST" duration-ms="18421" status="FAIL">
          <params>
            <param index="0">
              <value>
                <![CDATA[anilk11umar@gmail.com]]>
              </value>
            </param>
            <param index="1">
              <value>
                <![CDATA[Anilkumar32@#]]>
              </value>
            </param>
          </params>
          <exception class="org.openqa.selenium.ElementNotInteractableException">
            <message>
              <![CDATA[element not interactable
  (Session info: chrome=110.0.5481.100)
Build info: version: '4.8.1', revision: '8ebccac989'
System info: os.name: 'Linux', os.arch: 'amd64', os.version: '5.15.0-67-generic', java.version: '17.0.5'
Driver info: org.openqa.selenium.chrome.ChromeDriver
Command: [b409c4908d37dda007fa69ce42e0a802, sendKeysToElement {id=66a2c419-aba9-47a7-b9bb-53771135ef0f, value=[Ljava.lang.CharSequence;@272ce069}]
Capabilities {acceptInsecureCerts: false, browserName: chrome, browserVersion: 110.0.5481.100, chrome: {chromedriverVersion: 110.0.5481.77 (65ed616c6e8e..., userDataDir: /tmp/.com.google.Chrome.O84cIe}, goog:chromeOptions: {debuggerAddress: localhost:41079}, networkConnectionEnabled: false, pageLoadStrategy: normal, platformName: LINUX, proxy: Proxy(), se:cdp: ws://localhost:41079/devtoo..., se:cdpVersion: 110.0.5481.100, setWindowRect: true, strictFileInteractability: false, timeouts: {implicit: 0, pageLoad: 300000, script: 30000}, unhandledPromptBehavior: dismiss and notify, webauthn:extension:credBlob: true, webauthn:extension:largeBlob: true, webauthn:virtualAuthenticators: true}
Element: [[ChromeDriver: chrome on LINUX (b409c4908d37dda007fa69ce42e0a802)] -> name: password]
Session ID: b409c4908d37dda007fa69ce42e0a802]]>
            </message>
            <full-stacktrace>
              <![CDATA[org.openqa.selenium.ElementNotInteractableException: element not interactable
  (Session info: chrome=110.0.5481.100)
Build info: version: '4.8.1', revision: '8ebccac989'
System info: os.name: 'Linux', os.arch: 'amd64', os.version: '5.15.0-67-generic', java.version: '17.0.5'
Driver info: org.openqa.selenium.chrome.ChromeDriver
Command: [b409c4908d37dda007fa69ce42e0a802, sendKeysToElement {id=66a2c419-aba9-47a7-b9bb-53771135ef0f, value=[Ljava.lang.CharSequence;@272ce069}]
Capabilities {acceptInsecureCerts: false, browserName: chrome, browserVersion: 110.0.5481.100, chrome: {chromedriverVersion: 110.0.5481.77 (65ed616c6e8e..., userDataDir: /tmp/.com.google.Chrome.O84cIe}, goog:chromeOptions: {debuggerAddress: localhost:41079}, networkConnectionEnabled: false, pageLoadStrategy: normal, platformName: LINUX, proxy: Proxy(), se:cdp: ws://localhost:41079/devtoo..., se:cdpVersion: 110.0.5481.100, setWindowRect: true, strictFileInteractability: false, timeouts: {implicit: 0, pageLoad: 300000, script: 30000}, unhandledPromptBehavior: dismiss and notify, webauthn:extension:credBlob: true, webauthn:extension:largeBlob: true, webauthn:virtualAuthenticators: true}
Element: [[ChromeDriver: chrome on LINUX (b409c4908d37dda007fa69ce42e0a802)] -> name: password]
Session ID: b409c4908d37dda007fa69ce42e0a802
at java.base/jdk.internal.reflect.NativeConstructorAccessorImpl.newInstance0(Native Method)
at java.base/jdk.internal.reflect.NativeConstructorAccessorImpl.newInstance(NativeConstructorAccessorImpl.java:77)
at java.base/jdk.internal.reflect.DelegatingConstructorAccessorImpl.newInstance(DelegatingConstructorAccessorImpl.java:45)
at java.base/java.lang.reflect.Constructor.newInstanceWithCaller(Constructor.java:499)
at java.base/java.lang.reflect.Constructor.newInstance(Constructor.java:480)
at org.openqa.selenium.remote.codec.w3c.W3CHttpResponseCodec.createException(W3CHttpResponseCodec.java:200)
at org.openqa.selenium.remote.codec.w3c.W3CHttpResponseCodec.decode(W3CHttpResponseCodec.java:133)
at org.openqa.selenium.remote.codec.w3c.W3CHttpResponseCodec.decode(W3CHttpResponseCodec.java:53)
at org.openqa.selenium.remote.HttpCommandExecutor.execute(HttpCommandExecutor.java:184)
at org.openqa.selenium.remote.service.DriverCommandExecutor.invokeExecute(DriverCommandExecutor.java:167)
at org.openqa.selenium.remote.service.DriverCommandExecutor.execute(DriverCommandExecutor.java:142)
at org.openqa.selenium.remote.RemoteWebDriver.execute(RemoteWebDriver.java:543)
at org.openqa.selenium.remote.RemoteWebElement.execute(RemoteWebElement.java:257)
at org.openqa.selenium.remote.RemoteWebElement.sendKeys(RemoteWebElement.java:113)
at com.loginPageforBothPositiveAndNegative_scenarios.Login_page_for_both_positive_and_negative.Testcase1(Login_page_for_both_positive_and_negative.java:47)
at java.base/jdk.internal.reflect.NativeMethodAccessorImpl.invoke0(Native Method)
at java.base/jdk.internal.reflect.NativeMethodAccessorImpl.invoke(NativeMethodAccessorImpl.java:77)
at java.base/jdk.internal.reflect.DelegatingMethodAccessorImpl.invoke(DelegatingMethodAccessorImpl.java:43)
at java.base/java.lang.reflect.Method.invoke(Method.java:568)
at org.testng.internal.MethodInvocationHelper.invokeMethod(MethodInvocationHelper.java:133)
at org.testng.internal.TestInvoker.invokeMethod(TestInvoker.java:598)
at org.testng.internal.TestInvoker.invokeTestMethod(TestInvoker.java:173)
at org.testng.internal.MethodRunner.runInSequence(MethodRunner.java:46)
at org.testng.internal.TestInvoker$MethodInvocationAgent.invoke(TestInvoker.java:824)
at org.testng.internal.TestInvoker.invokeTestMethods(TestInvoker.java:146)
at org.testng.internal.TestMethodWorker.invokeTestMethods(TestMethodWorker.java:146)
at org.testng.internal.TestMethodWorker.run(TestMethodWorker.java:128)
at java.base/java.util.ArrayList.forEach(ArrayList.java:1511)
at org.testng.TestRunner.privateRun(TestRunner.java:794)
at org.testng.TestRunner.run(TestRunner.java:596)
at org.testng.SuiteRunner.runTest(SuiteRunner.java:377)
at org.testng.SuiteRunner.runSequentially(SuiteRunner.java:371)
at org.testng.SuiteRunner.privateRun(SuiteRunner.java:332)
at org.testng.SuiteRunner.run(SuiteRunner.java:276)
at org.testng.SuiteRunnerWorker.runSuite(SuiteRunnerWorker.java:53)
at org.testng.SuiteRunnerWorker.run(SuiteRunnerWorker.java:96)
at org.testng.TestNG.runSuitesSequentially(TestNG.java:1212)
at org.testng.TestNG.runSuitesLocally(TestNG.java:1134)
at org.testng.TestNG.runSuites(TestNG.java:1063)
at org.testng.TestNG.run(TestNG.java:1031)
at org.testng.remote.AbstractRemoteTestNG.run(AbstractRemoteTestNG.java:115)
at org.testng.remote.RemoteTestNG.initAndRun(RemoteTestNG.java:251)
at org.testng.remote.RemoteTestNG.main(RemoteTestNG.java:77)
]]>
            </full-stacktrace>
          </exception> <!-- org.openqa.selenium.ElementNotInteractableException -->
          <reporter-output>
          </reporter-output>
        </test-method> <!-- Testcase1 -->
        <test-method is-config="true" signature="closeapp()[pri:0, instance:com.loginPageforBothPositiveAndNegative_scenarios.Login_page_for_both_positive_and_negative@56cdfb3b]" started-at="2023-03-28T16:49:00 IST" name="closeapp" finished-at="2023-03-28T16:49:00 IST" duration-ms="109" status="PASS">
          <reporter-output>
          </reporter-output>
        </test-method> <!-- closeapp -->
        <test-method is-config="true" signature="setuptest()[pri:0, instance:com.loginPageforBothPositiveAndNegative_scenarios.Login_page_for_both_positive_and_negative@56cdfb3b]" started-at="2023-03-28T16:49:00 IST" name="setuptest" finished-at="2023-03-28T16:49:03 IST" duration-ms="3188" status="PASS">
          <reporter-output>
          </reporter-output>
        </test-method> <!-- setuptest -->
        <test-method signature="Testcase1(java.lang.String,java.lang.String)[pri:1, instance:com.loginPageforBothPositiveAndNegative_scenarios.Login_page_for_both_positive_and_negative@56cdfb3b]" started-at="2023-03-28T16:49:03 IST" name="Testcase1" description="verify the sign" data-provider="passdataPositiveAndNegative" finished-at="2023-03-28T16:49:15 IST" duration-ms="12560" status="PASS">
          <params>
            <param index="0">
              <value>
                <![CDATA[anilk111umar@gmail.com]]>
              </value>
            </param>
            <param index="1">
              <value>
                <![CDATA[Anlkumar32@#]]>
              </value>
            </param>
          </params>
          <reporter-output>
          </reporter-output>
        </test-method> <!-- Testcase1 -->
        <test-method is-config="true" signature="closeapp()[pri:0, instance:com.loginPageforBothPositiveAndNegative_scenarios.Login_page_for_both_positive_and_negative@56cdfb3b]" started-at="2023-03-28T16:49:15 IST" name="closeapp" finished-at="2023-03-28T16:49:15 IST" duration-ms="117" status="PASS">
          <reporter-output>
          </reporter-output>
        </test-method> <!-- closeapp -->
        <test-method is-config="true" signature="setuptest()[pri:0, instance:com.loginPageforBothPositiveAndNegative_scenarios.Login_page_for_both_positive_and_negative@56cdfb3b]" started-at="2023-03-28T16:49:15 IST" name="setuptest" finished-at="2023-03-28T16:49:19 IST" duration-ms="3126" status="PASS">
          <reporter-output>
          </reporter-output>
        </test-method> <!-- setuptest -->
        <test-method signature="Testcase1(java.lang.String,java.lang.String)[pri:1, instance:com.loginPageforBothPositiveAndNegative_scenarios.Login_page_for_both_positive_and_negative@56cdfb3b]" started-at="2023-03-28T16:49:19 IST" name="Testcase1" description="verify the sign" data-provider="passdataPositiveAndNegative" finished-at="2023-03-28T16:49:29 IST" duration-ms="10560" status="FAIL">
          <params>
            <param index="0">
              <value>
                <![CDATA[anilk11umar@gmail.com]]>
              </value>
            </param>
            <param index="1">
              <value>
                <![CDATA[Anilkumar327#]]>
              </value>
            </param>
          </params>
          <exception class="org.openqa.selenium.ElementNotInteractableException">
            <message>
              <![CDATA[element not interactable
  (Session info: chrome=110.0.5481.100)
Build info: version: '4.8.1', revision: '8ebccac989'
System info: os.name: 'Linux', os.arch: 'amd64', os.version: '5.15.0-67-generic', java.version: '17.0.5'
Driver info: org.openqa.selenium.chrome.ChromeDriver
Command: [3f3747652a7da7799083639f113ac845, clickElement {id=1d01314a-d49a-4444-b6df-c290a2e4f7c6}]
Capabilities {acceptInsecureCerts: false, browserName: chrome, browserVersion: 110.0.5481.100, chrome: {chromedriverVersion: 110.0.5481.77 (65ed616c6e8e..., userDataDir: /tmp/.com.google.Chrome.MW32Kx}, goog:chromeOptions: {debuggerAddress: localhost:43791}, networkConnectionEnabled: false, pageLoadStrategy: normal, platformName: LINUX, proxy: Proxy(), se:cdp: ws://localhost:43791/devtoo..., se:cdpVersion: 110.0.5481.100, setWindowRect: true, strictFileInteractability: false, timeouts: {implicit: 0, pageLoad: 300000, script: 30000}, unhandledPromptBehavior: dismiss and notify, webauthn:extension:credBlob: true, webauthn:extension:largeBlob: true, webauthn:virtualAuthenticators: true}
Element: [[ChromeDriver: chrome on LINUX (3f3747652a7da7799083639f113ac845)] -> xpath: (//span[.='Sign in'])[1]]
Session ID: 3f3747652a7da7799083639f113ac845]]>
            </message>
            <full-stacktrace>
              <![CDATA[org.openqa.selenium.ElementNotInteractableException: element not interactable
  (Session info: chrome=110.0.5481.100)
Build info: version: '4.8.1', revision: '8ebccac989'
System info: os.name: 'Linux', os.arch: 'amd64', os.version: '5.15.0-67-generic', java.version: '17.0.5'
Driver info: org.openqa.selenium.chrome.ChromeDriver
Command: [3f3747652a7da7799083639f113ac845, clickElement {id=1d01314a-d49a-4444-b6df-c290a2e4f7c6}]
Capabilities {acceptInsecureCerts: false, browserName: chrome, browserVersion: 110.0.5481.100, chrome: {chromedriverVersion: 110.0.5481.77 (65ed616c6e8e..., userDataDir: /tmp/.com.google.Chrome.MW32Kx}, goog:chromeOptions: {debuggerAddress: localhost:43791}, networkConnectionEnabled: false, pageLoadStrategy: normal, platformName: LINUX, proxy: Proxy(), se:cdp: ws://localhost:43791/devtoo..., se:cdpVersion: 110.0.5481.100, setWindowRect: true, strictFileInteractability: false, timeouts: {implicit: 0, pageLoad: 300000, script: 30000}, unhandledPromptBehavior: dismiss and notify, webauthn:extension:credBlob: true, webauthn:extension:largeBlob: true, webauthn:virtualAuthenticators: true}
Element: [[ChromeDriver: chrome on LINUX (3f3747652a7da7799083639f113ac845)] -> xpath: (//span[.='Sign in'])[1]]
Session ID: 3f3747652a7da7799083639f113ac845
at java.base/jdk.internal.reflect.NativeConstructorAccessorImpl.newInstance0(Native Method)
at java.base/jdk.internal.reflect.NativeConstructorAccessorImpl.newInstance(NativeConstructorAccessorImpl.java:77)
at java.base/jdk.internal.reflect.DelegatingConstructorAccessorImpl.newInstance(DelegatingConstructorAccessorImpl.java:45)
at java.base/java.lang.reflect.Constructor.newInstanceWithCaller(Constructor.java:499)
at java.base/java.lang.reflect.Constructor.newInstance(Constructor.java:480)
at org.openqa.selenium.remote.codec.w3c.W3CHttpResponseCodec.createException(W3CHttpResponseCodec.java:200)
at org.openqa.selenium.remote.codec.w3c.W3CHttpResponseCodec.decode(W3CHttpResponseCodec.java:133)
at org.openqa.selenium.remote.codec.w3c.W3CHttpResponseCodec.decode(W3CHttpResponseCodec.java:53)
at org.openqa.selenium.remote.HttpCommandExecutor.execute(HttpCommandExecutor.java:184)
at org.openqa.selenium.remote.service.DriverCommandExecutor.invokeExecute(DriverCommandExecutor.java:167)
at org.openqa.selenium.remote.service.DriverCommandExecutor.execute(DriverCommandExecutor.java:142)
at org.openqa.selenium.remote.RemoteWebDriver.execute(RemoteWebDriver.java:543)
at org.openqa.selenium.remote.RemoteWebElement.execute(RemoteWebElement.java:257)
at org.openqa.selenium.remote.RemoteWebElement.click(RemoteWebElement.java:78)
at com.loginPageforBothPositiveAndNegative_scenarios.Login_page_for_both_positive_and_negative.Testcase1(Login_page_for_both_positive_and_negative.java:41)
at java.base/jdk.internal.reflect.NativeMethodAccessorImpl.invoke0(Native Method)
at java.base/jdk.internal.reflect.NativeMethodAccessorImpl.invoke(NativeMethodAccessorImpl.java:77)
at java.base/jdk.internal.reflect.DelegatingMethodAccessorImpl.invoke(DelegatingMethodAccessorImpl.java:43)
at java.base/java.lang.reflect.Method.invoke(Method.java:568)
at org.testng.internal.MethodInvocationHelper.invokeMethod(MethodInvocationHelper.java:133)
at org.testng.internal.TestInvoker.invokeMethod(TestInvoker.java:598)
at org.testng.internal.TestInvoker.invokeTestMethod(TestInvoker.java:173)
at org.testng.internal.MethodRunner.runInSequence(MethodRunner.java:46)
at org.testng.internal.TestInvoker$MethodInvocationAgent.invoke(TestInvoker.java:824)
at org.testng.internal.TestInvoker.invokeTestMethods(TestInvoker.java:146)
at org.testng.internal.TestMethodWorker.invokeTestMethods(TestMethodWorker.java:146)
at org.testng.internal.TestMethodWorker.run(TestMethodWorker.java:128)
at java.base/java.util.ArrayList.forEach(ArrayList.java:1511)
at org.testng.TestRunner.privateRun(TestRunner.java:794)
at org.testng.TestRunner.run(TestRunner.java:596)
at org.testng.SuiteRunner.runTest(SuiteRunner.java:377)
at org.testng.SuiteRunner.runSequentially(SuiteRunner.java:371)
at org.testng.SuiteRunner.privateRun(SuiteRunner.java:332)
at org.testng.SuiteRunner.run(SuiteRunner.java:276)
at org.testng.SuiteRunnerWorker.runSuite(SuiteRunnerWorker.java:53)
at org.testng.SuiteRunnerWorker.run(SuiteRunnerWorker.java:96)
at org.testng.TestNG.runSuitesSequentially(TestNG.java:1212)
at org.testng.TestNG.runSuitesLocally(TestNG.java:1134)
at org.testng.TestNG.runSuites(TestNG.java:1063)
at org.testng.TestNG.run(TestNG.java:1031)
at org.testng.remote.AbstractRemoteTestNG.run(AbstractRemoteTestNG.java:115)
at org.testng.remote.RemoteTestNG.initAndRun(RemoteTestNG.java:251)
at org.testng.remote.RemoteTestNG.main(RemoteTestNG.java:77)
]]>
            </full-stacktrace>
          </exception> <!-- org.openqa.selenium.ElementNotInteractableException -->
          <reporter-output>
          </reporter-output>
        </test-method> <!-- Testcase1 -->
        <test-method is-config="true" signature="closeapp()[pri:0, instance:com.loginPageforBothPositiveAndNegative_scenarios.Login_page_for_both_positive_and_negative@56cdfb3b]" started-at="2023-03-28T16:49:29 IST" name="closeapp" finished-at="2023-03-28T16:49:29 IST" duration-ms="111" status="PASS">
          <reporter-output>
          </reporter-output>
        </test-method> <!-- closeapp -->
      </class> <!-- com.loginPageforBothPositiveAndNegative_scenarios.Login_page_for_both_positive_and_negative -->
    </test> <!-- Default test -->
  </suite> <!-- Default suite -->
</testng-results>
